<?xml version="1.0" encoding="UTF-8"?>
<!-- Generated by org.testng.reporters.JUnitXMLReporter -->
<testsuite ignored="1" hostname="DESKTOP-G6MS6PD" failures="0" tests="3" name="Default test" time="58.446" errors="0" timestamp="2020-06-24T20:51:45 IST">
  <testcase classname="com.clearcode.testsuite.TestSuite1" name="negativeUser" time="7.908"/>
  <testcase classname="com.clearcode.testsuite.TestSuite1" name="negativeUser" time="7.76"/>
  <testcase classname="com.clearcode.testsuite.TestSuite1" name="negativeUser" time="6.691"/>
  <testcase classname="com.clearcode.testsuite.TestSuite1" name="createUser" time="0.0">
    <ignored/>
  </testcase> <!-- createUser -->
</testsuite> <!-- Default test -->
