<?xml version="1.0" encoding="UTF-8"?>
<testng-results skipped="0" failed="0" ignored="1" total="2" passed="1">
  <reporter-output>
    <line>
      <![CDATA[STEP1]]>
    </line>
    <line>
      <![CDATA[STEP2]]>
    </line>
    <line>
      <![CDATA[STEP3]]>
    </line>
    <line>
      <![CDATA[STEP4]]>
    </line>
    <line>
      <![CDATA[STEP5]]>
    </line>
    <line>
      <![CDATA[STEP6]]>
    </line>
    <line>
      <![CDATA[STEP7]]>
    </line>
    <line>
      <![CDATA[STEP8]]>
    </line>
    <line>
      <![CDATA[STEP9]]>
    </line>
  </reporter-output>
  <suite name="Default suite" duration-ms="17860" started-at="2020-05-17T17:10:51 IST" finished-at="2020-05-17T17:11:09 IST">
    <groups>
    </groups>
    <test name="Default test" duration-ms="17860" started-at="2020-05-17T17:10:51 IST" finished-at="2020-05-17T17:11:09 IST">
      <class name="com.clearcode.testsuite.TestSuite1">
        <test-method status="PASS" signature="launch()[pri:0, instance:com.clearcode.testsuite.TestSuite1@64729b1e]" name="launch" is-config="true" duration-ms="2828" started-at="2020-05-17T17:10:51 IST" finished-at="2020-05-17T17:10:54 IST">
          <reporter-output>
            <line>
              <![CDATA[STEP1]]>
            </line>
          </reporter-output>
        </test-method> <!-- launch -->
        <test-method status="PASS" signature="loadUrl()[pri:0, instance:com.clearcode.testsuite.TestSuite1@64729b1e]" name="loadUrl" is-config="true" duration-ms="4425" started-at="2020-05-17T17:10:54 IST" finished-at="2020-05-17T17:10:58 IST">
          <reporter-output>
            <line>
              <![CDATA[STEP2]]>
            </line>
            <line>
              <![CDATA[STEP3]]>
            </line>
          </reporter-output>
        </test-method> <!-- loadUrl -->
        <test-method status="PASS" signature="createPatient()[pri:1, instance:com.clearcode.testsuite.TestSuite1@64729b1e]" name="createPatient" duration-ms="10580" started-at="2020-05-17T17:10:58 IST" finished-at="2020-05-17T17:11:09 IST">
          <reporter-output>
            <line>
              <![CDATA[STEP4]]>
            </line>
            <line>
              <![CDATA[STEP5]]>
            </line>
            <line>
              <![CDATA[STEP6]]>
            </line>
            <line>
              <![CDATA[STEP7]]>
            </line>
            <line>
              <![CDATA[STEP8]]>
            </line>
            <line>
              <![CDATA[STEP9]]>
            </line>
          </reporter-output>
        </test-method> <!-- createPatient -->
        <test-method status="PASS" signature="close()[pri:0, instance:com.clearcode.testsuite.TestSuite1@64729b1e]" name="close" is-config="true" duration-ms="0" started-at="2020-05-17T17:11:09 IST" finished-at="2020-05-17T17:11:09 IST">
          <reporter-output>
          </reporter-output>
        </test-method> <!-- close -->
      </class> <!-- com.clearcode.testsuite.TestSuite1 -->
    </test> <!-- Default test -->
  </suite> <!-- Default suite -->
</testng-results>
